Performing C SOURCE FILE Test C_SUPPORTS_WERROR_UNGUARDED_AVAILABILITY_NEW failed with the following output:
Change Dir: /home/sirius/libunwind-8.0.1.src/build/CMakeFiles/CMakeTmp

Run Build Command:"/usr/bin/ninja" "cmTC_a1062"
[1/2] Building C object CMakeFiles/cmTC_a1062.dir/src.c.o
FAILED: CMakeFiles/cmTC_a1062.dir/src.c.o 
/usr/bin/cc   -Werror=date-time -DC_SUPPORTS_WERROR_UNGUARDED_AVAILABILITY_NEW   -Werror -Werror=unguarded-availability-new -o CMakeFiles/cmTC_a1062.dir/src.c.o   -c src.c
cc1: error: -Werror=unguarded-availability-new: no option -Wunguarded-availability-new
ninja: build stopped: subcommand failed.

Source file was:
int main(void) { return 0; }
Performing C++ SOURCE FILE Test CXX_SUPPORTS_WERROR_UNGUARDED_AVAILABILITY_NEW failed with the following output:
Change Dir: /home/sirius/libunwind-8.0.1.src/build/CMakeFiles/CMakeTmp

Run Build Command:"/usr/bin/ninja" "cmTC_928d0"
[1/2] Building CXX object CMakeFiles/cmTC_928d0.dir/src.cxx.o
FAILED: CMakeFiles/cmTC_928d0.dir/src.cxx.o 
/usr/bin/c++    -fvisibility-inlines-hidden -Werror=date-time -DCXX_SUPPORTS_WERROR_UNGUARDED_AVAILABILITY_NEW   -Werror -Werror=unguarded-availability-new -o CMakeFiles/cmTC_928d0.dir/src.cxx.o -c src.cxx
cc1plus: error: -Werror=unguarded-availability-new: no option -Wunguarded-availability-new
ninja: build stopped: subcommand failed.

Source file was:
int main() { return 0; }
Performing C++ SOURCE FILE Test LINKER_SUPPORTS_COLOR_DIAGNOSTICS failed with the following output:
Change Dir: /home/sirius/libunwind-8.0.1.src/build/CMakeFiles/CMakeTmp

Run Build Command:"/usr/bin/ninja" "cmTC_e4098"
[1/2] Building CXX object CMakeFiles/cmTC_e4098.dir/src.cxx.o
[2/2] Linking CXX executable cmTC_e4098
FAILED: cmTC_e4098 
: && /usr/bin/c++  -fvisibility-inlines-hidden -Werror=date-time -std=c++11 -w -fdiagnostics-color -DLINKER_SUPPORTS_COLOR_DIAGNOSTICS  -Wl,--color-diagnostics CMakeFiles/cmTC_e4098.dir/src.cxx.o  -o cmTC_e4098   && :
/usr/bin/ld: unrecognized option '--color-diagnostics'
/usr/bin/ld: use the --help option for usage information
collect2: error: ld returned 1 exit status
ninja: build stopped: subcommand failed.

Source file was:
int main() { return 0; }
Performing C++ SOURCE FILE Test LIBUNWIND_HAS_WMISMATCHED_TAGS_FLAG failed with the following output:
Change Dir: /home/sirius/libunwind-8.0.1.src/build/CMakeFiles/CMakeTmp

Run Build Command:"/usr/bin/ninja" "cmTC_e29eb"
[1/2] Building CXX object CMakeFiles/cmTC_e29eb.dir/src.cxx.o
FAILED: CMakeFiles/cmTC_e29eb.dir/src.cxx.o 
/usr/bin/c++    -fvisibility-inlines-hidden -Werror=date-time -std=c++11 -w -fdiagnostics-color -ffunction-sections -fdata-sections -DLIBUNWIND_HAS_WMISMATCHED_TAGS_FLAG  -nodefaultlibs   -Wmismatched-tags -o CMakeFiles/cmTC_e29eb.dir/src.cxx.o -c src.cxx
c++: error: unrecognized command line option '-Wmismatched-tags'
ninja: build stopped: subcommand failed.

Source file was:
int main() { return 0; }
Performing C++ SOURCE FILE Test LIBUNWIND_HAS_WSHORTEN_64_TO_32_FLAG failed with the following output:
Change Dir: /home/sirius/libunwind-8.0.1.src/build/CMakeFiles/CMakeTmp

Run Build Command:"/usr/bin/ninja" "cmTC_6eb67"
[1/2] Building CXX object CMakeFiles/cmTC_6eb67.dir/src.cxx.o
FAILED: CMakeFiles/cmTC_6eb67.dir/src.cxx.o 
/usr/bin/c++    -fvisibility-inlines-hidden -Werror=date-time -std=c++11 -w -fdiagnostics-color -ffunction-sections -fdata-sections -DLIBUNWIND_HAS_WSHORTEN_64_TO_32_FLAG  -nodefaultlibs   -Wshorten-64-to-32 -o CMakeFiles/cmTC_6eb67.dir/src.cxx.o -c src.cxx
c++: error: unrecognized command line option '-Wshorten-64-to-32'
ninja: build stopped: subcommand failed.

Source file was:
int main() { return 0; }
Performing C++ SOURCE FILE Test LIBUNWIND_HAS_WNEWLINE_EOF_FLAG failed with the following output:
Change Dir: /home/sirius/libunwind-8.0.1.src/build/CMakeFiles/CMakeTmp

Run Build Command:"/usr/bin/ninja" "cmTC_3b90d"
[1/2] Building CXX object CMakeFiles/cmTC_3b90d.dir/src.cxx.o
FAILED: CMakeFiles/cmTC_3b90d.dir/src.cxx.o 
/usr/bin/c++    -fvisibility-inlines-hidden -Werror=date-time -std=c++11 -w -fdiagnostics-color -ffunction-sections -fdata-sections -DLIBUNWIND_HAS_WNEWLINE_EOF_FLAG  -nodefaultlibs   -Wnewline-eof -o CMakeFiles/cmTC_3b90d.dir/src.cxx.o -c src.cxx
c++: error: unrecognized command line option '-Wnewline-eof'
ninja: build stopped: subcommand failed.

Source file was:
int main() { return 0; }
Performing C++ SOURCE FILE Test LIBUNWIND_HAS_WX_FLAG failed with the following output:
Change Dir: /home/sirius/libunwind-8.0.1.src/build/CMakeFiles/CMakeTmp

Run Build Command:"/usr/bin/ninja" "cmTC_d4d9f"
[1/2] Building CXX object CMakeFiles/cmTC_d4d9f.dir/src.cxx.o
FAILED: CMakeFiles/cmTC_d4d9f.dir/src.cxx.o 
/usr/bin/c++    -fvisibility-inlines-hidden -Werror=date-time -std=c++11 -w -fdiagnostics-color -ffunction-sections -fdata-sections -DLIBUNWIND_HAS_WX_FLAG  -nodefaultlibs   /WX -o CMakeFiles/cmTC_d4d9f.dir/src.cxx.o -c src.cxx
c++: error: /WX: No such file or directory
ninja: build stopped: subcommand failed.

Source file was:
int main() { return 0; }
Performing C++ SOURCE FILE Test LIBUNWIND_HAS_NO_WX_FLAG failed with the following output:
Change Dir: /home/sirius/libunwind-8.0.1.src/build/CMakeFiles/CMakeTmp

Run Build Command:"/usr/bin/ninja" "cmTC_26b6b"
[1/2] Building CXX object CMakeFiles/cmTC_26b6b.dir/src.cxx.o
FAILED: CMakeFiles/cmTC_26b6b.dir/src.cxx.o 
/usr/bin/c++    -fvisibility-inlines-hidden -Werror=date-time -std=c++11 -w -fdiagnostics-color -ffunction-sections -fdata-sections -DLIBUNWIND_HAS_NO_WX_FLAG  -nodefaultlibs   /WX- -o CMakeFiles/cmTC_26b6b.dir/src.cxx.o -c src.cxx
c++: error: /WX-: No such file or directory
ninja: build stopped: subcommand failed.

Source file was:
int main() { return 0; }
Performing C++ SOURCE FILE Test LIBUNWIND_HAS_EHSC_FLAG failed with the following output:
Change Dir: /home/sirius/libunwind-8.0.1.src/build/CMakeFiles/CMakeTmp

Run Build Command:"/usr/bin/ninja" "cmTC_4ade3"
[1/2] Building CXX object CMakeFiles/cmTC_4ade3.dir/src.cxx.o
FAILED: CMakeFiles/cmTC_4ade3.dir/src.cxx.o 
/usr/bin/c++    -fvisibility-inlines-hidden -Werror=date-time -std=c++11 -w -fdiagnostics-color -ffunction-sections -fdata-sections -DLIBUNWIND_HAS_EHSC_FLAG  -nodefaultlibs   /EHsc -o CMakeFiles/cmTC_4ade3.dir/src.cxx.o -c src.cxx
c++: error: /EHsc: No such file or directory
ninja: build stopped: subcommand failed.

Source file was:
int main() { return 0; }
Performing C++ SOURCE FILE Test LIBUNWIND_HAS_NO_EHS_FLAG failed with the following output:
Change Dir: /home/sirius/libunwind-8.0.1.src/build/CMakeFiles/CMakeTmp

Run Build Command:"/usr/bin/ninja" "cmTC_4cb91"
[1/2] Building CXX object CMakeFiles/cmTC_4cb91.dir/src.cxx.o
FAILED: CMakeFiles/cmTC_4cb91.dir/src.cxx.o 
/usr/bin/c++    -fvisibility-inlines-hidden -Werror=date-time -std=c++11 -w -fdiagnostics-color -ffunction-sections -fdata-sections -DLIBUNWIND_HAS_NO_EHS_FLAG  -nodefaultlibs   /EHs- -o CMakeFiles/cmTC_4cb91.dir/src.cxx.o -c src.cxx
c++: error: /EHs-: No such file or directory
ninja: build stopped: subcommand failed.

Source file was:
int main() { return 0; }
Performing C++ SOURCE FILE Test LIBUNWIND_HAS_NO_EHA_FLAG failed with the following output:
Change Dir: /home/sirius/libunwind-8.0.1.src/build/CMakeFiles/CMakeTmp

Run Build Command:"/usr/bin/ninja" "cmTC_e3d86"
[1/2] Building CXX object CMakeFiles/cmTC_e3d86.dir/src.cxx.o
FAILED: CMakeFiles/cmTC_e3d86.dir/src.cxx.o 
/usr/bin/c++    -fvisibility-inlines-hidden -Werror=date-time -std=c++11 -w -fdiagnostics-color -ffunction-sections -fdata-sections -DLIBUNWIND_HAS_NO_EHA_FLAG  -nodefaultlibs   /EHa- -o CMakeFiles/cmTC_e3d86.dir/src.cxx.o -c src.cxx
c++: error: /EHa-: No such file or directory
ninja: build stopped: subcommand failed.

Source file was:
int main() { return 0; }
Performing C++ SOURCE FILE Test LIBUNWIND_HAS_NO_GR_FLAG failed with the following output:
Change Dir: /home/sirius/libunwind-8.0.1.src/build/CMakeFiles/CMakeTmp

Run Build Command:"/usr/bin/ninja" "cmTC_5c0f7"
[1/2] Building CXX object CMakeFiles/cmTC_5c0f7.dir/src.cxx.o
FAILED: CMakeFiles/cmTC_5c0f7.dir/src.cxx.o 
/usr/bin/c++    -fvisibility-inlines-hidden -Werror=date-time -std=c++11 -w -fdiagnostics-color -ffunction-sections -fdata-sections -DLIBUNWIND_HAS_NO_GR_FLAG  -nodefaultlibs   /GR- -o CMakeFiles/cmTC_5c0f7.dir/src.cxx.o -c src.cxx
c++: error: /GR-: No such file or directory
ninja: build stopped: subcommand failed.

Source file was:
int main() { return 0; }
